Game/Library/Bee/Android/Prj/Mono2x/Gradle/launcher/build/intermediates/manifest_merge_blame_file/release/manifest-merger-blame-release-report.txt
1<?xml version="1.0" encoding="utf-8"?>
2<manifest xmlns:android="http://schemas.android.com/apk/res/android"
3    package="com.Pointandclick.NightRat"
4    android:installLocation="preferExternal"
5    android:versionCode="1"
6    android:versionName="1.0.2" >
7
8    <uses-sdk
9        android:minSdkVersion="22"
9-->src\main\AndroidManifest.xml
10        android:targetSdkVersion="30" />
10-->src\main\AndroidManifest.xml
11
12    <supports-screens
12-->src\main\AndroidManifest.xml:3:3-163
13        android:anyDensity="true"
13-->src\main\AndroidManifest.xml:3:135-160
14        android:largeScreens="true"
14-->src\main\AndroidManifest.xml:3:78-105
15        android:normalScreens="true"
15-->src\main\AndroidManifest.xml:3:49-77
16        android:smallScreens="true"
16-->src\main\AndroidManifest.xml:3:21-48
17        android:xlargeScreens="true" />
17-->src\main\AndroidManifest.xml:3:106-134
18
19    <uses-feature android:glEsVersion="0x00030000" />
19-->[:unityLibrary] AndroidManifest.xml:12:5-54
19-->[:unityLibrary] AndroidManifest.xml:12:19-51
20    <uses-feature
20-->[:unityLibrary] AndroidManifest.xml:13:5-15:36
21        android:name="android.hardware.vulkan.version"
21-->[:unityLibrary] AndroidManifest.xml:14:9-55
22        android:required="false" />
22-->[:unityLibrary] AndroidManifest.xml:15:9-33
23    <uses-feature android:name="android.software.home_screen" />
23-->[:unityLibrary] AndroidManifest.xml:16:5-65
23-->[:unityLibrary] AndroidManifest.xml:16:19-62
24
25    <uses-permission android:name="android.permission.INTERNET" />
25-->[:unityLibrary] AndroidManifest.xml:18:5-67
25-->[:unityLibrary] AndroidManifest.xml:18:22-64
26
27    <uses-feature
27-->[:unityLibrary] AndroidManifest.xml:20:5-22:36
28        android:name="android.hardware.touchscreen"
28-->[:unityLibrary] AndroidManifest.xml:21:9-52
29        android:required="false" />
29-->[:unityLibrary] AndroidManifest.xml:22:9-33
30    <uses-feature
30-->[:unityLibrary] AndroidManifest.xml:23:5-25:36
31        android:name="android.hardware.touchscreen.multitouch"
31-->[:unityLibrary] AndroidManifest.xml:24:9-63
32        android:required="false" />
32-->[:unityLibrary] AndroidManifest.xml:25:9-33
33    <uses-feature
33-->[:unityLibrary] AndroidManifest.xml:26:5-28:36
34        android:name="android.hardware.touchscreen.multitouch.distinct"
34-->[:unityLibrary] AndroidManifest.xml:27:9-72
35        android:required="false" />
35-->[:unityLibrary] AndroidManifest.xml:28:9-33
36
37    <application
37-->src\main\AndroidManifest.xml:4:3-83
38        android:extractNativeLibs="true"
38-->[:unityLibrary] AndroidManifest.xml:30:18-50
39        android:icon="@mipmap/app_icon"
39-->src\main\AndroidManifest.xml:4:49-80
40        android:label="@string/app_name" >
40-->src\main\AndroidManifest.xml:4:16-48
41        <activity
41-->[:unityLibrary] AndroidManifest.xml:31:9-48:20
42            android:name="com.unity3d.player.UnityPlayerActivity"
42-->[:unityLibrary] AndroidManifest.xml:32:13-66
43            android:configChanges="mcc|mnc|locale|touchscreen|keyboard|keyboardHidden|navigation|orientation|screenLayout|uiMode|screenSize|smallestScreenSize|fontScale|layoutDirection|density"
43-->[:unityLibrary] AndroidManifest.xml:33:13-194
44            android:hardwareAccelerated="false"
44-->[:unityLibrary] AndroidManifest.xml:34:13-48
45            android:launchMode="singleTask"
45-->[:unityLibrary] AndroidManifest.xml:35:13-44
46            android:resizeableActivity="false"
46-->[:unityLibrary] AndroidManifest.xml:36:13-47
47            android:screenOrientation="landscape"
47-->[:unityLibrary] AndroidManifest.xml:37:13-50
48            android:theme="@style/UnityThemeSelector" >
48-->[:unityLibrary] AndroidManifest.xml:38:13-54
49            <intent-filter>
49-->[:unityLibrary] AndroidManifest.xml:39:13-43:29
50                <action android:name="android.intent.action.MAIN" />
50-->[:unityLibrary] AndroidManifest.xml:40:17-69
50-->[:unityLibrary] AndroidManifest.xml:40:25-66
51
52                <category android:name="android.intent.category.LAUNCHER" />
52-->[:unityLibrary] AndroidManifest.xml:42:17-77
52-->[:unityLibrary] AndroidManifest.xml:42:27-74
53            </intent-filter>
54
55            <meta-data
55-->[:unityLibrary] AndroidManifest.xml:45:13-47:40
56                android:name="unityplayer.UnityActivity"
56-->[:unityLibrary] AndroidManifest.xml:46:17-57
57                android:value="true" />
57-->[:unityLibrary] AndroidManifest.xml:47:17-37
58        </activity>
59
60        <meta-data
60-->[:unityLibrary] AndroidManifest.xml:50:9-52:33
61            android:name="unity.splash-mode"
61-->[:unityLibrary] AndroidManifest.xml:51:13-45
62            android:value="0" />
62-->[:unityLibrary] AndroidManifest.xml:52:13-30
63        <meta-data
63-->[:unityLibrary] AndroidManifest.xml:53:9-55:36
64            android:name="unity.splash-enable"
64-->[:unityLibrary] AndroidManifest.xml:54:13-47
65            android:value="True" />
65-->[:unityLibrary] AndroidManifest.xml:55:13-33
66        <meta-data
66-->[:unityLibrary] AndroidManifest.xml:56:9-58:37
67            android:name="unity.launch-fullscreen"
67-->[:unityLibrary] AndroidManifest.xml:57:13-51
68            android:value="False" />
68-->[:unityLibrary] AndroidManifest.xml:58:13-34
69        <meta-data
69-->[:unityLibrary] AndroidManifest.xml:59:9-61:37
70            android:name="unity.allow-resizable-window"
70-->[:unityLibrary] AndroidManifest.xml:60:13-56
71            android:value="False" />
71-->[:unityLibrary] AndroidManifest.xml:61:13-34
72    </application>
73
74</manifest>